[12:36:24] [main/INFO]: Loading Minecraft 1.20.4 with Fabric Loader 0.15.7
[12:36:24] [main/INFO]: Fabric is preparing JARs on first launch, this may take a few seconds...
[12:36:24] [main/INFO]: Loading 4 mods:
	- fabricloader 0.15.7
	   \-- mixinextras 0.3.5
	- java 17
	- minecraft 1.20.4
[12:36:24] [main/INFO]: SpongePowered MIXIN Subsystem Version=0.8.5 Source=file:/crafty/servers/2d77b0fb-6a53-48f7-813e-61d98bfebe44/libraries/net/fabricmc/sponge-mixin/0.12.5+mixin.0.8.5/sponge-mixin-0.12.5+mixin.0.8.5.jar Service=Knot/Fabric Env=SERVER
[12:36:29] [main/INFO]: Environment: Environment[sessionHost=https://sessionserver.mojang.com, servicesHost=https://api.minecraftservices.com, name=PROD]
[12:36:30] [main/INFO]: No existing world data, creating new world
[12:36:31] [main/INFO]: Loaded 7 recipes
[12:36:31] [main/INFO]: Loaded 1271 advancements
[12:36:32] [Server thread/INFO]: Starting minecraft server version 1.20.4
[12:36:32] [Server thread/INFO]: Loading properties
[12:36:32] [Server thread/INFO]: Default game type: SURVIVAL
[12:36:32] [Server thread/INFO]: Generating keypair
[12:36:32] [Server thread/INFO]: Starting Minecraft server on *:25575
[12:36:32] [Server thread/INFO]: Using epoll channel type
[12:36:32] [Server thread/INFO]: Preparing level "world"
[12:36:38] [Server thread/INFO]: Preparing start region for dimension minecraft:overworld
[12:36:38] [Worker-Main-1/INFO]: Preparing spawn area: 0%
[12:36:38] [Worker-Main-3/INFO]: Preparing spawn area: 0%
[12:36:39] [Worker-Main-1/INFO]: Preparing spawn area: 0%
[12:36:39] [Worker-Main-2/INFO]: Preparing spawn area: 0%
[12:36:40] [Worker-Main-1/INFO]: Preparing spawn area: 0%
[12:36:40] [Worker-Main-3/INFO]: Preparing spawn area: 1%
[12:36:41] [Worker-Main-1/INFO]: Preparing spawn area: 1%
[12:36:41] [Worker-Main-3/INFO]: Preparing spawn area: 2%
[12:36:42] [Worker-Main-3/INFO]: Preparing spawn area: 3%
[12:36:42] [Worker-Main-3/INFO]: Preparing spawn area: 4%
[12:36:43] [Worker-Main-3/INFO]: Preparing spawn area: 5%
[12:36:43] [Worker-Main-1/INFO]: Preparing spawn area: 7%
[12:36:44] [Worker-Main-2/INFO]: Preparing spawn area: 8%
[12:36:44] [Worker-Main-1/INFO]: Preparing spawn area: 10%
[12:36:45] [Worker-Main-3/INFO]: Preparing spawn area: 12%
[12:36:45] [Worker-Main-1/INFO]: Preparing spawn area: 14%
[12:36:46] [Worker-Main-3/INFO]: Preparing spawn area: 16%
[12:36:46] [Worker-Main-1/INFO]: Preparing spawn area: 19%
[12:36:47] [Worker-Main-1/INFO]: Preparing spawn area: 21%
[12:36:47] [Worker-Main-1/INFO]: Preparing spawn area: 23%
[12:36:48] [Worker-Main-1/INFO]: Preparing spawn area: 25%
[12:36:48] [Worker-Main-1/INFO]: Preparing spawn area: 27%
[12:36:49] [Worker-Main-3/INFO]: Preparing spawn area: 30%
[12:36:49] [Worker-Main-1/INFO]: Preparing spawn area: 33%
[12:36:50] [Worker-Main-2/INFO]: Preparing spawn area: 34%
[12:36:50] [Worker-Main-1/INFO]: Preparing spawn area: 37%
[12:36:51] [Worker-Main-3/INFO]: Preparing spawn area: 40%
[12:36:51] [Worker-Main-3/INFO]: Preparing spawn area: 43%
[12:36:52] [Worker-Main-1/INFO]: Preparing spawn area: 45%
[12:36:52] [Worker-Main-1/INFO]: Preparing spawn area: 47%
[12:36:53] [Worker-Main-1/INFO]: Preparing spawn area: 50%
[12:36:53] [Worker-Main-2/INFO]: Preparing spawn area: 54%
[12:36:54] [Worker-Main-2/INFO]: Preparing spawn area: 56%
[12:36:54] [Worker-Main-2/INFO]: Preparing spawn area: 58%
[12:36:55] [Worker-Main-1/INFO]: Preparing spawn area: 60%
[12:36:55] [Worker-Main-3/INFO]: Preparing spawn area: 63%
[12:36:56] [Worker-Main-1/INFO]: Preparing spawn area: 67%
[12:36:56] [Worker-Main-3/INFO]: Preparing spawn area: 69%
[12:36:57] [Worker-Main-1/INFO]: Preparing spawn area: 71%
[12:36:57] [Worker-Main-3/INFO]: Preparing spawn area: 73%
[12:36:58] [Worker-Main-2/INFO]: Preparing spawn area: 77%
[12:36:58] [Worker-Main-2/INFO]: Preparing spawn area: 80%
[12:36:59] [Worker-Main-2/INFO]: Preparing spawn area: 83%
[12:36:59] [Worker-Main-1/INFO]: Preparing spawn area: 85%
[12:37:00] [Worker-Main-2/INFO]: Preparing spawn area: 87%
[12:37:00] [Worker-Main-1/INFO]: Preparing spawn area: 90%
[12:37:01] [Worker-Main-1/INFO]: Preparing spawn area: 93%
[12:37:01] [Worker-Main-1/INFO]: Preparing spawn area: 97%
[12:37:01] [Server thread/INFO]: Time elapsed: 23878 ms
[12:37:01] [Server thread/INFO]: Done (29.371s)! For help, type "help"
[12:37:11] [Server thread/INFO]: /advancement (grant|revoke)
[12:37:11] [Server thread/INFO]: /attribute <target> <attribute> (get|base|modifier)
[12:37:11] [Server thread/INFO]: /execute (run|if|unless|as|at|store|positioned|rotated|facing|align|anchored|in|summon|on)
[12:37:11] [Server thread/INFO]: /bossbar (add|remove|list|set|get)
[12:37:11] [Server thread/INFO]: /clear [<targets>]
[12:37:11] [Server thread/INFO]: /clone (<begin>|from)
[12:37:11] [Server thread/INFO]: /damage <target> <amount> [<damageType>]
[12:37:11] [Server thread/INFO]: /data (merge|get|remove|modify)
[12:37:11] [Server thread/INFO]: /datapack (enable|disable|list)
[12:37:11] [Server thread/INFO]: /debug (start|stop|function)
[12:37:11] [Server thread/INFO]: /defaultgamemode <gamemode>
[12:37:11] [Server thread/INFO]: /difficulty [peaceful|easy|normal|hard]
[12:37:11] [Server thread/INFO]: /effect (clear|give)
[12:37:11] [Server thread/INFO]: /me <action>
[12:37:11] [Server thread/INFO]: /enchant <targets> <enchantment> [<level>]
[12:37:11] [Server thread/INFO]: /experience (add|set|query)
[12:37:11] [Server thread/INFO]: /xp -> experience
[12:37:11] [Server thread/INFO]: /fill <from> <to> <block> [replace|keep|outline|hollow|destroy]
[12:37:11] [Server thread/INFO]: /fillbiome <from> <to> <biome> [replace]
[12:37:11] [Server thread/INFO]: /forceload (add|remove|query)
[12:37:11] [Server thread/INFO]: /function <name> [<arguments>|with]
[12:37:11] [Server thread/INFO]: /gamemode <gamemode> [<target>]
[12:37:11] [Server thread/INFO]: /gamerule (announceAdvancements|blockExplosionDropDecay|commandBlockOutput|commandModificationBlockLimit|disableElytraMovementCheck|disableRaids|doDaylightCycle|doEntityDrops|doFireTick|doImmediateRespawn|doInsomnia|doLimitedCrafting|doMobLoot|doMobSpawning|doPatrolSpawning|doTileDrops|doTraderSpawning|doVinesSpread|doWardenSpawning|doWeatherCycle|drowningDamage|enderPearlsVanishOnDeath|fallDamage|fireDamage|forgiveDeadPlayers|freezeDamage|globalSoundEvents|keepInventory|lavaSourceConversion|logAdminCommands|maxCommandChainLength|maxCommandForkCount|maxEntityCramming|mobExplosionDropDecay|mobGriefing|naturalRegeneration|playersNetherPortalCreativeDelay|playersNetherPortalDefaultDelay|playersSleepingPercentage|projectilesCanBreakBlocks|randomTickSpeed|reducedDebugInfo|sendCommandFeedback|showDeathMessages|snowAccumulationHeight|spawnRadius|spectatorsGenerateChunks|tntExplosionDropDecay|universalAnger|waterSourceConversion)
[12:37:11] [Server thread/INFO]: /give <targets> <item> [<count>]
[12:37:11] [Server thread/INFO]: /help [<command>]
[12:37:11] [Server thread/INFO]: /item (replace|modify)
[12:37:11] [Server thread/INFO]: /kick <targets> [<reason>]
[12:37:11] [Server thread/INFO]: /kill [<targets>]
[12:37:11] [Server thread/INFO]: /list [uuids]
[12:37:11] [Server thread/INFO]: /locate (structure|biome|poi)
[12:37:11] [Server thread/INFO]: /loot (replace|insert|give|spawn)
[12:37:11] [Server thread/INFO]: /msg <targets> <message>
[12:37:11] [Server thread/INFO]: /tell -> msg
[12:37:11] [Server thread/INFO]: /w -> msg
[12:37:11] [Server thread/INFO]: /particle <name> [<pos>]
[12:37:11] [Server thread/INFO]: /place (feature|jigsaw|structure|template)
[12:37:11] [Server thread/INFO]: /playsound <sound> (master|music|record|weather|block|hostile|neutral|player|ambient|voice)
[12:37:11] [Server thread/INFO]: /random (value|roll|reset)
[12:37:11] [Server thread/INFO]: /reload
[12:37:11] [Server thread/INFO]: /recipe (give|take)
[12:37:11] [Server thread/INFO]: /return (<value>|fail|run)
[12:37:11] [Server thread/INFO]: /ride <target> (mount|dismount)
[12:37:11] [Server thread/INFO]: /say <message>
[12:37:11] [Server thread/INFO]: /schedule (function|clear)
[12:37:11] [Server thread/INFO]: /scoreboard (objectives|players)
[12:37:11] [Server thread/INFO]: /seed
[12:37:11] [Server thread/INFO]: /setblock <pos> <block> [destroy|keep|replace]
[12:37:11] [Server thread/INFO]: /spawnpoint [<targets>]
[12:37:11] [Server thread/INFO]: /setworldspawn [<pos>]
[12:37:11] [Server thread/INFO]: /spectate [<target>]
[12:37:11] [Server thread/INFO]: /spreadplayers <center> <spreadDistance> <maxRange> (<respectTeams>|under)
[12:37:11] [Server thread/INFO]: /stopsound <targets> [*|master|music|record|weather|block|hostile|neutral|player|ambient|voice]
[12:37:11] [Server thread/INFO]: /summon <entity> [<pos>]
[12:37:11] [Server thread/INFO]: /tag <targets> (add|remove|list)
[12:37:11] [Server thread/INFO]: /team (list|add|remove|empty|join|leave|modify)
[12:37:11] [Server thread/INFO]: /teammsg <message>
[12:37:11] [Server thread/INFO]: /tm -> teammsg
[12:37:11] [Server thread/INFO]: /teleport (<location>|<destination>|<targets>)
[12:37:11] [Server thread/INFO]: /tp -> teleport
[12:37:11] [Server thread/INFO]: /tellraw <targets> <message>
[12:37:11] [Server thread/INFO]: /tick (query|rate|step|sprint|unfreeze|freeze)
[12:37:11] [Server thread/INFO]: /time (set|add|query)
[12:37:11] [Server thread/INFO]: /title <targets> (clear|reset|title|subtitle|actionbar|times)
[12:37:11] [Server thread/INFO]: /trigger <objective> [add|set]
[12:37:11] [Server thread/INFO]: /weather (clear|rain|thunder)
[12:37:11] [Server thread/INFO]: /worldborder (add|set|center|damage|get|warning)
[12:37:11] [Server thread/INFO]: /jfr (start|stop)
[12:37:11] [Server thread/INFO]: /ban-ip <target> [<reason>]
[12:37:11] [Server thread/INFO]: /banlist [ips|players]
[12:37:11] [Server thread/INFO]: /ban <targets> [<reason>]
[12:37:11] [Server thread/INFO]: /deop <targets>
[12:37:11] [Server thread/INFO]: /op <targets>
[12:37:11] [Server thread/INFO]: /pardon <targets>
[12:37:11] [Server thread/INFO]: /pardon-ip <target>
[12:37:11] [Server thread/INFO]: /perf (start|stop)
[12:37:11] [Server thread/INFO]: /save-all [flush]
[12:37:11] [Server thread/INFO]: /save-off
[12:37:11] [Server thread/INFO]: /save-on
[12:37:11] [Server thread/INFO]: /setidletimeout <minutes>
[12:37:11] [Server thread/INFO]: /stop
[12:37:11] [Server thread/INFO]: /whitelist (on|off|list|add|remove|reload)
[12:39:48] [Server thread/INFO]: The world border is currently 59999968 block(s) wide
[12:49:22] [Server thread/INFO]: Set the world border to 4000.0 block(s) wide
[12:49:26] [Server thread/INFO]: The world border is currently 4000 block(s) wide
[12:49:37] [Server thread/INFO]: Nothing changed. The world border is already that size
[13:15:46] [Server thread/WARN]: handleDisconnection() called twice
[13:24:58] [User Authenticator #1/INFO]: UUID of player belamadar is 71e3a55e-7238-4242-8666-b15085123c06
[13:24:58] [Server thread/INFO]: belamadar[/176.61.88.220:13761] logged in with entity id 193 at (-87.5, 103.0, -215.5)
[13:24:58] [Server thread/INFO]: belamadar joined the game
[13:27:20] [Server thread/INFO]: Set the world spawn point to -80, 97, -224 [0.0]
[13:27:43] [Server thread/INFO]: Set the world spawn point to -26, 70, 295 [0.0]
[13:28:15] [Server thread/INFO]: Set the center of the world border to -25.50, 295.50
[13:28:50] [Server thread/INFO]: Unknown or incomplete command, see below for error
[13:28:50] [Server thread/INFO]: spawn belamadar<--[HERE]
[13:29:24] [Server thread/INFO]: No entity was found
[13:29:48] [Server thread/INFO]: belamadar was slain by Zombie
[13:31:11] [Server thread/INFO]: Set the center of the world border to -25.50, -294.50
[13:31:21] [Server thread/INFO]: Nothing changed. The world border is already centered there
[13:34:57] [Server thread/INFO]: Stopping the server
[13:34:57] [Server thread/INFO]: Stopping server
[13:34:57] [Server thread/INFO]: Saving players
[13:34:57] [Server thread/INFO]: belamadar lost connection: Server closed
[13:34:57] [Server thread/INFO]: belamadar left the game
[13:34:57] [Server thread/INFO]: Saving worlds
[13:34:58] [Server thread/INFO]: Saving chunks for level 'ServerLevel[world]'/minecraft:overworld
[13:35:01] [Server thread/INFO]: Saving chunks for level 'ServerLevel[world]'/minecraft:the_end
[13:35:01] [Server thread/INFO]: Saving chunks for level 'ServerLevel[world]'/minecraft:the_nether
[13:35:01] [Server thread/INFO]: ThreadedAnvilChunkStorage (world): All chunks are saved
[13:35:01] [Server thread/INFO]: ThreadedAnvilChunkStorage (DIM1): All chunks are saved
[13:35:01] [Server thread/INFO]: ThreadedAnvilChunkStorage (DIM-1): All chunks are saved
[13:35:01] [Server thread/INFO]: ThreadedAnvilChunkStorage: All dimensions are saved
